<?xml version="1.0" encoding="UTF-8"?>
<testng-results ignored="0" total="2" passed="2" failed="0" skipped="0">
  <reporter-output>
  </reporter-output>
  <suite started-at="2019-11-19T13:35:28 MEZ" name="Default suite" finished-at="2019-11-19T13:35:46 MEZ" duration-ms="18338">
    <groups>
    </groups>
    <test started-at="2019-11-19T13:35:28 MEZ" name="Default test" finished-at="2019-11-19T13:35:46 MEZ" duration-ms="18338">
      <class name="datadriven.OtwarciePrzegladarki">
        <test-method signature="OpeningBrowser()[pri:0, instance:datadriven.OtwarciePrzegladarki@687e99d8]" started-at="2019-11-19T13:35:28 MEZ" name="OpeningBrowser" finished-at="2019-11-19T13:35:38 MEZ" duration-ms="10352" status="PASS">
          <reporter-output>
          </reporter-output>
        </test-method> <!-- OpeningBrowser -->
        <test-method signature="Login()[pri:0, instance:datadriven.OtwarciePrzegladarki@687e99d8]" started-at="2019-11-19T13:35:38 MEZ" name="Login" finished-at="2019-11-19T13:35:46 MEZ" duration-ms="7862" status="PASS">
          <reporter-output>
          </reporter-output>
        </test-method> <!-- Login -->
      </class> <!-- datadriven.OtwarciePrzegladarki -->
    </test> <!-- Default test -->
  </suite> <!-- Default suite -->
</testng-results>
