<?xml version="1.0" encoding="UTF-8"?>
<!-- Generated by org.testng.reporters.JUnitXMLReporter -->
<testsuite ignored="1" hostname="LAPTOP-OMRO3EKJ" failures="0" tests="5" name="Car Loan" time="0.125" errors="0" timestamp="2019-11-18T17:11:28 MEZ">
  <testcase classname="test.day3" name="MobileLogincarLoan" time="0.015"/>
  <testcase classname="test.day3" name="MobilesignoutcarLoan" time="0.0"/>
  <testcase classname="test.day3" name="MobilesignoutcarLoan" time="0.015"/>
  <testcase classname="test.day3" name="MobilesignoutcarLoan" time="0.0"/>
  <testcase classname="test.day3" name="WebloginCarLoan" time="0.0"/>
  <testcase classname="test.day3" name="APIcarLoan" time="0.0">
    <ignored/>
  </testcase> <!-- APIcarLoan -->
</testsuite> <!-- Car Loan -->
