<?xml version="1.0" encoding="UTF-8"?>
<!-- Generated by org.testng.reporters.JUnitXMLReporter -->
<testsuite ignored="7" hostname="LAPTOP-OMRO3EKJ" failures="0" tests="3" name="Regression" time="0.091" errors="0" timestamp="2019-11-18T17:07:36 MEZ">
  <testcase classname="test.day2" name="ploan" time="0.016"/>
  <testcase classname="test.day4" name="WebloginHomeLoan" time="0.0"/>
  <testcase classname="test.day3" name="MobileLogincarLoan" time="0.0"/>
  <testcase classname="test.day3" name="MobilesignoutcarLoan" time="0.0">
    <ignored/>
  </testcase> <!-- MobilesignoutcarLoan -->
  <testcase classname="test.day1" name="SecondTest" time="0.0">
    <ignored/>
  </testcase> <!-- SecondTest -->
  <testcase classname="test.day3" name="APIcarLoan" time="0.0">
    <ignored/>
  </testcase> <!-- APIcarLoan -->
  <testcase classname="test.day3" name="WebloginCarLoan" time="0.0">
    <ignored/>
  </testcase> <!-- WebloginCarLoan -->
  <testcase classname="test.day1" name="Demo" time="0.0">
    <ignored/>
  </testcase> <!-- Demo -->
  <testcase classname="test.day4" name="MobileLoginHomeLoan" time="0.0">
    <ignored/>
  </testcase> <!-- MobileLoginHomeLoan -->
  <testcase classname="test.day4" name="LoginAPIHomeLoan" time="0.0">
    <ignored/>
  </testcase> <!-- LoginAPIHomeLoan -->
</testsuite> <!-- Regression -->
